1719943369 | alba.panato@gmail.com | POST | /login
1719943603 | rafa.gamero@gmail.com | POST | /login
1719943821 | maria.sarmiento@gmail.com | POST | /login
1719943877 | undefined | POST | /
1719943893 | undefined | POST | /
1719943973 | maria.sarmiento@gmail.com | POST | /login
1719943980 | undefined | POST | /
1719944010 | undefined | GET | /
1719944030 | undefined | POST | /
1719944041 | undefined | GET | /
1719944130 | undefined | POST | /
1719944142 | undefined | POST | /
1719944186 | undefined | POST | /
1719944196 | undefined | POST | /
1719944204 | undefined | GET | /
1719944205 | undefined | GET | /
1719944248 | undefined | POST | /
1719944256 | undefined | POST | /
1719944265 | undefined | GET | /
1719944347 | maria.sarmiento@gmail.com | POST | /login
1719944374 | kes.crotolamo@gmail.com | POST | /
1719944433 | alba.panato@gmail.com | POST | /login
1719944442 | alba.panato@gmail.com | POST | /login
1719944459 | kes.crotolamo@gmail.com | POST | /
1719944634 | kes.crotolamo@gmail.com | POST | /
1719944842 | kes.crotolamo@gmail.com | POST | /
1719945020 | kes.crotolamo@gmail.com | POST | /
1719945058 | kes.crotolamo@gmail.com | POST | /
1719945318 | kes.crotolamo@gmail.com | POST | /
1719945322 | alba.panato@gmail.com | POST | /login
1719945336 | kes.crotolamo@gmail.com | POST | /
1719945428 | kes.crotolamo@gmail.com | POST | /
1719945469 | kes.crotolamo@gmail.com | POST | /
1719945501 | kes.crotolamo@gmail.com | POST | /
1719945532 | kes.crotolamo@gmail.com | POST | /
1719945542 | kes.crotolamo@gmail.com | POST | /
1719955576 | alba.panato@gmail.com | POST | /loginundefined
1719955697 | alba.panato@gmail.com | POST | /login | undefined
1719955786 | alba.panato@gmail.com | POST | /login | [object Object]
1719956096 | alba.panato@gmail.com | POST | /login | function status(code) {
  this.statusCode = code;
  return this;
}
1719956184 | alba.panato@gmail.com | POST | /login | function status(code) {
  this.statusCode = code;
  return this;
}
1719956241 | alba.panato@gmail.com | POST | /login | function status(code) {
  this.statusCode = code;
  return this;
}
1719956407 | alba.panato@gmail.com | POST | /login | function status(code) {
  this.statusCode = code;
  return this;
}
1719956436 | alba.panato@gmail.com | POST | /login | 200
1719956567 | alba.panato@gmail.com | POST | /login | 200
1719956598 | alba.panato@gmail.com | POST | /login | 200
1719956607 | alba.panato@gmail.com | POST | /login | 200
1719956675 | alba.panato@gmail.com | POST | /login | 200
1719957085 | alba.panato@gmail.com | POST | /login | 200
1719957112 | alba.panato@gmail.com | POST | /login | 200
1719957510 | alba.panato@gmail.com | POST | /login | 200
1719957534 | alba.panato@gmail.com | POST | /login | 200
1719957537 | alba.panato@gmail.com | POST | /login | 200
1719957543 | alba.panato@gmail.com | POST | /login | 200
1719957574 | alba.panato@gmail.com | POST | /login | 200
1719957586 | alba.panato@gmail.com | POST | /login | 200
1719957589 | alba.panato@gmail.com | POST | /login | 200
1719957609 | kes.crotolamo@gmail.com | POST | / | 200
1719958640 | alba.panato@gmail.com | POST | /login | 200
1719958716 | alba.panato@gmail.com | POST | /login | 200
1719958723 | alba.panato@gmail.com | POST | /login | 200
1719958870 | kes.crotolamo@gmail.com | POST | / | 2001719959071 | alba.panato@gmail.com | POST | /login | 2001719959092 | kes.crotolamo@gmail.com | POST | / | 2001719959219 | kes.crotolamo@gmail.com | POST | / | 
 1719959786 | alba.panato@gmail.com | POST | /login | 200
 1719959793 | alba.panato@gmail.com | POST | /login | 200
 1719959833 | alba.panato@gmail.com | POST | /login | 200
 1719959861 | undefined | GET | / | 200
 1719959981 | kes.crotolamo@gmail.com | POST | / | 200
 1719960026 | kes.crotolamo@gmail.com | POST | / | 200
 1719960057 | undefined | GET | / | 200
 1719960508 | kes.crotolamo@gmail.com | POST | / | 200
 1719960521 | kes.crotolamo@gmail.com | POST | / | 200
 1719960546 | kes.crotolamo@gmail.com | POST | / | 200
 1719960555 | undefined | GET | / | 200
 1719960951 | kes.crotolamo@gmail.com | POST | / | 200
 1719961127 | kes.crotolamo@gmail.com | POST | / | 200
 1719961187 | kes.crotolamo@gmail.com | POST | / | 200
 1719961575 | kes.crotolamo@gmail.com | POST | / | 200
 1719961637 | kes.crotolamo@gmail.com | POST | / | 200
 1719961663 | alba.panato@gmail.com | POST | /login | 200
 1719961687 | kes.crotolamo@gmail.com | POST | / | 200
 1719961902 | kes.crotolamo@gmail.com | POST | / | 200
 1719961981 | kes.crotolamo@gmail.com | POST | / | 200
 1719962188 | kes.crotolamo@gmail.com | POST | / | 200
 1719962258 | kes.crotolamo@gmail.com | POST | / | 200
 1719962351 | kes.crotolamo@gmail.com | POST | / | 200
 1719962412 | kes.crotolamo@gmail.com | POST | / | 200
 1719962463 | kes.crotolamo@gmail.com | POST | / | 200
 1719962507 | kes.crotolamo@gmail.com | POST | / | 200
 1719962584 | kes.crotolamo@gmail.com | POST | / | 200
 1719962738 | kes.crotolamo@gmail.com | POST | / | 200
 1719963024 | kes.crotolamo@gmail.com | POST | / | 200
 1720005164 | alba.panato@gmail.com | POST | /login | 200
 1720005201 | undefined | POST | / | 200
 1720005233 | undefined | POST | / | 200
 1720005243 | alba.panato@gmail.com | POST | /login | 200
 1720005301 | alba.panato@gmail.com | POST | /login | 200
 1720005719 | alba.panato@gmail.com | POST | /login | 200
 1720006110 | alba.panato@gmail.com | POST | /login | 200
 1720006226 | alba.panato@gmail.com | POST | /login | 200
 1720006232 | alba.panato@gmail.com | POST | /login | 200
 1720006234 | alba.panato@gmail.com | POST | /login | 200
 1720006262 | alba.panato@gmail.com | POST | /login | 200
 1720006306 | alba.panato@gmail.com | POST | /login | 200
 1720006322 | kes.crotolamo@gmail.com | POST | / | 200
 1720006394 | kes.crotolamo@gmail.com | POST | / | 200
 1720006418 | maria.sarmiento@gmail.com | POST | /login | 200
 1720006437 | kes.crotolamo@gmail.com | POST | / | 200
 1720006461 | kes.crotolamo@gmail.com | POST | / | 200
 1720006497 | kes.crotolamo@gmail.com | POST | / | 200
 1720006504 | kes.crotolamo@gmail.com | POST | / | 200
 1720006618 | kes.crotolamo@gmail.com | POST | / | 200
 1720006633 | kes.crotolamo@gmail.com | POST | / | 200
 1720006749 | kes.crotolamo@gmail.com | POST | / | 200
 1720006827 | kes.crotolamo@gmail.com | POST | / | 200
 1720006836 | kes.crotolamo@gmail.com | POST | / | 200
 1720006911 | kes.crotolamo@gmail.com | POST | / | 200
 1720007009 | maria.sarmiento@gmail.com | POST | /login | 200
 1720007259 | kes.crotolamo@gmail.com | POST | / | 200
 1720007375 | maria.sarmiento@gmail.com | POST | /login | 200
 1720007817 | undefined | POST | / | 200
 1720007838 | kes.crotolamo@gmail.com | POST | / | 200
 1720007908 | kes.crotolamo@gmail.com | POST | / | 200
 1720007979 | kes.crotolamo@gmail.com | POST | / | 200
 1720007999 | kes.crotolamo@gmail.com | POST | / | 200
 1720008113 | undefined | GET | / | 200
 1720008206 | maria.sarmiento@gmail.com | POST | /login | 200
 1720008222 | kes.crotolamo@gmail.com | POST | / | 200
 1720008252 | alba.panato@gmail.com | POST | /login | 200
 1720008261 | alba.panato@gmail.com | POST | /login | 200
 1720008283 | kes.crotolamo@gmail.com | POST | / | 200
 1720008381 | kes.crotolamo@gmail.com | POST | / | 200
 1720009243 | kes.crotolamo@gmail.com | POST | / | 200
 1720009348 | alba.panato@gmail.com | POST | /login | 200
 1720010782 | alba.panato@gmail.com | POST | /login | 200
 1720010860 | alba.panato@gmail.com | POST | /login | 200
 1720012005 | alba.panato@gmail.com | POST | /login | 200
 1720013339 | alba.panato@gmail.com | POST | /login | 200
 1720013803 | undefined | POST | / | 200
 1720013809 | undefined | PUT | / | 200
 1720013832 | undefined | PUT | /2 | 200
 1720013865 | undefined | DELETE | /4 | 200
 1720013871 | undefined | DELETE | /4 | 200
 1720022835 | alba.panato@gmail.com | POST | /login | 200 | No error

 1720022967 | alba.panato@gmail.com | POST | /login | 200 | No error

 1720023124 | undefined | PUT | /2 | 200 | No error

 1720023396 | alba.panato@gmail.com | POST | /login | 200 | No error

 1720023423 | kes.crotolamo@gmail.com | POST | / | 200 | No error

 1720023446 | kes.crotolamo@gmail.com | POST | / | 200 | No error

 1720023534 | kes.crotolamo@gmail.com | POST | / | 200 | No error

 1720023546 | undefined | POST | / | 200 | No error

 1720023550 | undefined | PUT | /2 | 200 | No error

 1720023639 | maria.sarmiento@gmail.com | POST | /login | 200 | No error

 1720024132 | maria.sarmiento@gmail.com | POST | /login | 200 | No error

 1720024304 | maria.sarmiento@gmail.com | POST | /login | 200 | No error

 1720024393 | maria.sarmiento@gmail.com | POST | /login | 200 | No error

 1720024580 | maria.sarmiento@gmail.com | POST | /login | 200 | No error

 1720024698 | maria.sarmiento@gmail.com | POST | /login | 200 | No error

 1720024717 | alba.panato@gmail.com | POST | /login | 200 | No error

 1720024731 | kes.crotolamo@gmail.com | POST | / | 200 | No error

 1720024784 | undefined | DELETE | /69 | 200 | No error

 1720024792 | undefined | DELETE | /68 | 200 | No error

 1720024799 | undefined | GET | / | 200 | No error

 1720024815 | undefined | GET | / | 200 | No error

 1720024860 | undefined | GET | / | 200 | No error

 1720025220 | undefined | GET | / | 200 | No error

 1720027118 | alba.panato@gmail.com | POST | /login | 200 | No error

 1720027189 | alba.panato@gmail.com | POST | /login | 200 | No error

 1720027230 | alba.panato@gmail.com | POST | / | 200 | No error

 1720027431 | alba.panato@gmail.com | POST | /login | 200 | No error

 1720027438 | alba.panato@gmail.com | POST | /login | 200 | No error

 1720027529 | alba.panato@gmail.com | POST | / | 200 | No error

 1720027547 | alba.panato@gmail.com | POST | / | 200 | No error

 1720027598 | alba.panato@gmail.com | POST | / | 200 | No error

 1720027639 | rafa.gamero@gmail.com | POST | / | 200 | No error

 1720027686 | rafa.gamero@gmail.com | POST | / | 200 | No error

 1720027695 | alba.panato@gmail.com | POST | / | 200 | No error

 1720027778 | alba.panato@gmail.com | POST | /login | 200 | No error

 1720027831 | maria.sarmiento@gmail.com | POST | / | 200 | No error

 1720027905 | maria.sarmiento@gmail.com | PUT | /3 | 200 | No error

 1720027951 | undefined | GET | / | 200 | No error

 1720027997 | alba.panato@gmail.com | PUT | /2 | 200 | No error

 1720028039 | alba.panato@gmail.com | POST | /login | 200 | No error

 1720028044 | undefined | GET | / | 200 | No error

 1720028076 | rafa.gamero@gmail.com | PUT | /1 | 200 | No error

 1720028161 | undefined | GET | / | 200 | No error

 1720028200 | lola.mento@gmail.com | POST | / | 200 | No error

 1720028227 | aitor.menta@gmail.com | POST | / | 200 | No error

 1720028524 | undefined | GET | / | 200 | No error

 1720028571 | paco.mermela@gmail.com | POST | / | 200 | No error

 1720028612 | Jony.mentero@gmail.com | POST | / | 200 | No error

 1720028637 | kes.crotolamo@gmail.com | POST | / | 200 | No error
